
ROM used: 320 (4%)
          320 (4%) including unused fragments

          1 Average locations per line
          3 Average locations per statement

RAM used: 9 (2%) at main() level
          18 (5%) worst case

Stack used: 4 worst case (out of 8 total available)

Lines Stmts  %   Files
----- ----- ---  -----
   23     9   9  principal.c
  313     0   0  C:\Arquivos de programas\PICC\devices\16f877A.h
  166    73  75  mod_lcd.c
   97    15  15  usart.c
----- -----
  599    97 Total

Page ROM  %  RAM   Vol Diff  Functions:
---- --- --- ---   --- ----  ----------
0     21   7   1             @delay_ms1
0      8   2   0             @const57
0     39  12   1   260  1.9  lcd_envia_nibble
0     32  10   3   176  2.7  lcd_envia_byte
0     64  20   2   460  4.3  lcd_ini
0     18   6   4   186  5.5  lcd_pos_xy
0     42  13   1   290  4.1  lcd_escreve
0     32  10   2   368  3.3  usart_inicializa
0      9   3   1    57  3.0  usart_transmite
0      7   2   0    37  2.3  usart_recebe
0     44  14   2   226  3.0  MAIN

Program metrics:
    Functions               9
    Statements              97
    Comments                161
    Volume (V)              3281
    Difficilty (D)          30.3
    Effort to implement (E) 99305
    Time to implement (T)   1 hours, 32 minutes
    Est Delivered Bugs (B)  1
    Cyclomatic Complexity   8
    Maintainability (MI)    115

 Segment     Used  Free
-----------  ----  ----
00000-00003     4  0  
00004-007FF   316  1728  
00800-00FFF     0  2048  
01000-017FF     0  2048  
01800-01FFF     0  2048  



