
ROM used: 4662 (14%)
          4662 (14%) including unused fragments

          5 Average locations per line
          25 Average locations per statement

RAM used: 780 (38%) at main() level
          835 (41%) worst case

Stack used: 6 worst case (out of 31 total available)

Lines Stmts  %   Files
----- ----- ---  -----
   23    10   5  index.c
  461     0   0  C:\Arquivos de programas\PICC\devices\18F4550.h
  476   178  95  driver1100.c
----- -----
  960   188 Total

Page ROM  %  RAM   Vol Diff  Functions:
---- --- --- ---   --- ----  ----------
0     42   0   1             @delay_ms1
0    272   3   0             @const107
0    236   3   0             @const110
0    170   2   1   690  3.9  Lcd_Clear
0    226   2   0   723  1.9  Lcd_Init
0    138   1   5   555  6.7  Lcd_Write
0     34   0   5   114  3.0  @MUL1616
0     64   1   3   221  3.3  Gotoxy
0    164   2  18   487  6.0  lcd_pixel
0    318   3  17  1475  8.8  lcd_line
0    532   6  12  1822  8.6  lcd_circle
0     78   1   2   399  6.6  @MUL88
0    424   5  20  1550 11.2  lcd_text57
0    196   2   6  1036  5.8  lcd_rect
0   1764  19   0   472  2.4  MAIN

Program metrics:
    Functions               12
    Statements              188
    Comments                295
    Volume (V)              14610
    Difficilty (D)          68.5
    Effort to implement (E) 1000547
    Time to implement (T)   15 hours, 26 minutes
    Est Delivered Bugs (B)  3
    Cyclomatic Complexity   37
    Maintainability (MI)    138

 Segment     Used  Free
-----------  ----  ----
00000-00002     4  0  
00004-07FFE  4658  28106  



