
ROM used: 318 (16%)
          318 (16%) including unused fragments

          1 Average locations per line
          9 Average locations per statement

RAM used: 59 (26%) at main() level
          63 (28%) worst case

Stack used: 3 worst case (out of 8 total available)

Lines Stmts  %   Files
----- ----- ---  -----
  134    36 100  index.c
  224     0   0  C:\Program Files\PICC\devices\16f628a.h
----- -----
  358    36 Total

Page ROM  %  RAM   Vol Diff  Functions:
---- --- --- ---   --- ----  ----------
0     21   7   1             @delay_ms1
0     34  11   1             @PUTCHAR_2_
0     26   8   0   183  4.3  TimeOut_Timer
0     91  29   2   552  6.0  serial_isr
0     17   5   0             @const76
0     68  21   1   134  2.1  MAIN
0      8   3   0             @const79

Program metrics:
    Functions               3
    Statements              36
    Comments                128
    Volume (V)              1105
    Difficilty (D)          11.7
    Effort to implement (E) 12945
    Time to implement (T)   12 minutes
    Est Delivered Bugs (B)  0
    Cyclomatic Complexity   4
    Maintainability (MI)    68

 Segment     Used  Free
-----------  ----  ----
00000-00003     4  0  
00004-00034    49  0  
00035-007FF   265  1730  



