
ROM used: 785 (38%)
          785 (38%) including unused fragments

          2 Average locations per line
          6 Average locations per statement

RAM used: 73 (33%) at main() level
          82 (37%) worst case

Stack used: 1 worst case (out of 8 total available)

Lines Stmts  %   Files
----- ----- ---  -----
  171   133 100  principal.c
  208     0   0  C:\Arquivos de programas\PICC\devices\16F628A.h
----- -----
  379   133 Total

Page ROM  %  RAM   Vol Diff  Functions:
---- --- --- ---   --- ----  ----------
0     21   3   1             @delay_ms1
0    504  64  11  4124 10.0  mover_auto
0    256  33   5  1480  9.4  MAIN

Program metrics:
    Functions               2
    Statements              133
    Comments                68
    Volume (V)              6255
    Difficilty (D)          19.4
    Effort to implement (E) 121187
    Time to implement (T)   1 hours, 52 minutes
    Est Delivered Bugs (B)  1
    Cyclomatic Complexity   39
    Maintainability (MI)    76

 Segment     Used  Free
-----------  ----  ----
00000-00003     4  0  
00004-007FF   781  1263  



