
ROM used:   445/2048 (22%)
            445/2048 (22%) including unused fragments

            0.7 Average locations per line
            13.9 Average locations per statement

RAM used:   6/128 (5%) at main() level
            11/128 (9%) worst case

Stack used: 3 worst case (3 in main + 0 for interrupts)
Stack size: 8

Lines Stmts  %   Files
----- ----- ---  -----
   23     9  28  main.c
  562     0   0  C:\Arquivos de programas\PICC\devices\12F683.h
   87    23  72  2408.c
----- -----
  672    32 Total

Page ROM  %  RAM   Vol Diff  Functions:
---- --- --- ---   --- ----  ----------
0     34   8    1             @PUTCHAR_1_
 Inline         3             @I2C_READ_1
0     52  12    1             @I2C_WRITE_1
0      5   1    0    32  1.0  init_ext_eeprom
0     41   9    1    84  2.4  ext_eeprom_ready
0     64  14    4   200  4.5  write_ext_eeprom
0    157  35    4   336  5.2  read_ext_eeprom
0     78  18    2   226  2.2  MAIN
0     10   2    0             @const559
 Inline         0             @cinit1

Program metrics:
    Functions               5
    Statements              32
    Comments                139
    Volume (V)              1277
    Difficulty (D)          14.5
    Effort to implement (E) 18501
    Time to implement (T)   17 minutes
    Est Delivered Bugs (B)  0
    Cyclomatic Complexity   1
    Maintainability (MI)    160

 Segment     Used  Free
-----------  ----  ----
00000-00003     4  0  
00004-007FF   441  1603  



