
ROM used: 8212 (25%)
          8212 (25%) including unused fragments

          2 Average locations per line
          13 Average locations per statement

RAM used: 104 (7%) at main() level
          196 (13%) worst case

Stack used: 4 worst case (out of 31 total available)

Lines Stmts  %   Files
----- ----- ---  -----
  144    81  13  main.c
  469     0   0  C:\Program Files\PICC\devices\18F4520.h
  822   306  47  Extended_GLCD.c
 2182   260  40  C:\Program Files\PICC\drivers\math.h
  188     0   0  Bitmap.h
----- -----
 3805   647 Total

Page ROM  %  RAM   Vol Diff  Functions:
---- --- --- ---   --- ----  ----------
0     40   0   1             @delay_ms1
0    118   1  10             @FLT
0     56   0   4             @SFTOI
0     54   0   2             @ITOF
0    242   1  11             @MULFF
0    618   4  16             @ADDFF
0    346   2  14             @DIVFF
0    858   5  50  1168  9.9  cos
0     74   0   8    44  1.9  sin
0   1038   6   0             @const201
0    272   2   0             @const203
0    272   2   0             @const212
0    236   1   0             @const215
0    134   1   1   555  3.4  glcd_init
0    172   1   6   734  7.1  glcd_pixel
0    390   2  16  1149  5.1  glcd_3Dbox
0    658   4  18   489  5.6  glcd_circle_seg
0    354   2  21  1436  9.2  glcd_text57
0    122   1   4   498  4.8  glcd_fillScreen
0    220   1   9  1058  7.1  glcd_image
0    236   1  12  1197  7.3  glcd_image_xy
0     54   0   2   247  3.2  glcd_writeByte
0     94   1   2   391  3.9  glcd_readByte
0   1550   9   1  4197  5.0  MAIN

Program metrics:
    Functions               13
    Statements              647
    Comments                812
    Volume (V)              19680
    Difficilty (D)          72.8
    Effort to implement (E) 1432528
    Time to implement (T)   22 hours, 6 minutes
    Est Delivered Bugs (B)  4
    Cyclomatic Complexity   47
    Maintainability (MI)    53

 Segment     Used  Free
-----------  ----  ----
00000-00002     4  0  
00004-07FFE  8208  24556  



