
ROM used: 1488 (18%)
          1488 (18%) including unused fragments

          2 Average locations per line
          11 Average locations per statement

RAM used: 99 (27%) at main() level
          117 (32%) worst case

Stack used: 5 worst case (out of 8 total available)

Lines Stmts  %   Files
----- ----- ---  -----
  138    75  54  index.c
  313     0   0  C:\Arquivos de programas\PICC\devices\16f877A.h
  180    63  46  C:\Arquivos de programas\PICC\drivers\lcd.c
----- -----
  631   138 Total

Page ROM  %  RAM   Vol Diff  Functions:
---- --- --- ---   --- ----  ----------
0     21   1   1             @delay_ms1
0      8   1   0             @const67
 Inline        3   463  4.3  lcd_read_byte
0     14   1   1   134  2.2  lcd_send_nibble
0     74   5   3   317  4.3  lcd_send_byte
0     58   4   2   422  4.7  lcd_init
0     20   1   4   186  5.5  lcd_gotoxy
0     49   3   1   272  4.1  lcd_putc
0     10   1   0    50  2.0  muda
0    498  33  92  3312 10.4  MAIN
0     10   1   0             @const106
0      9   1   0             @const107
0     41   3   2             @MUL88
0     31   2   2             @ITOF
0    119   8  13             @MULFF
0    328  22  16             @ADDFF
0     35   2   4             @SFTOI
0     11   1   0             @const121
0     23   2   3             @DIV88
0    115   8   6             @PRINTF_D_87
0     10   1   0             @const128

Program metrics:
    Functions               8
    Statements              138
    Comments                162
    Volume (V)              6916
    Difficilty (D)          37.3
    Effort to implement (E) 257847
    Time to implement (T)   3 hours, 59 minutes
    Est Delivered Bugs (B)  1
    Cyclomatic Complexity   17
    Maintainability (MI)    121

 Segment     Used  Free
-----------  ----  ----
00000-00003     4  0  
00004-007FF  1484  560  
00800-00FFF     0  2048  
01000-017FF     0  2048  
01800-01FFF     0  2048  



