
ROM used: 72 (0%)
          72 (0%) including unused fragments

          0 Average locations per line
          0 Average locations per statement

RAM used: 7 (0%) at main() level
          7 (0%) worst case

Stack used: 0 worst case (out of 31 total available)

Lines Stmts  %   Files
----- ----- ---  -----
   29     8   5  index.c
  461     0   0  C:\Program Files\PICC\devices\18F4550.h
  441   156  95  HMF6598SYH-PY.c
    2     0   0  ps2lib.c
----- -----
  933   164 Total

Page ROM  %  RAM   Vol Diff  Functions:
---- --- --- ---   --- ----  ----------
0     12   8   0             @const138
0     10   7   0             @const140
0      2   1   0             @const141
0     10   7   0             @const143
0     34  24   0    18  1.0  MAIN

Program metrics:
    Functions               1
    Statements              164
    Comments                322
    Volume (V)              23
    Difficilty (D)          0.4
    Effort to implement (E) 10
    Time to implement (T)   0 minutes
    Est Delivered Bugs (B)  0
    Cyclomatic Complexity   1
    Maintainability (MI)    95

 Segment     Used  Free
-----------  ----  ----
00000-00002     4  0  
00004-07FFE    68  32696  



