
ROM used: 287 (14%)
          287 (14%) including unused fragments

          0 Average locations per line
          2 Average locations per statement

RAM used: 93 (42%) at main() level
          95 (42%) worst case

Stack used: 1 worst case (out of 8 total available)

Lines Stmts  %   Files
----- ----- ---  -----
  101    26  18  index.c
  224     0   0  C:\Program Files\PICC\devices\16F628A.h
  409   121  82  C:\Program Files\PICC\drivers\string.h
   32     0   0  C:\Program Files\PICC\drivers\stddef.h
   28     0   0  C:\Program Files\PICC\drivers\ctype.h
----- -----
  794   147 Total

Page ROM  %  RAM   Vol Diff  Functions:
---- --- --- ---   --- ----  ----------
0     34  12   1             @PUTCHAR_1_
0      9   3   0             @const168
0    170  59  84   318  2.9  MAIN
0     18   6   0             @const175
0     13   5   1             @SPRINTF
0     15   5   0             @const179
0     24   8   0             @const180

Program metrics:
    Functions               1
    Statements              147
    Comments                255
    Volume (V)              331
    Difficilty (D)          2.4
    Effort to implement (E) 805
    Time to implement (T)   1 minutes
    Est Delivered Bugs (B)  0
    Cyclomatic Complexity   1
    Maintainability (MI)    41

 Segment     Used  Free
-----------  ----  ----
00000-00003     4  0  
00004-007FF   283  1761  



