CCS PCM C Compiler, Version 4.074, 10898               16-mai-10 19:49

               Filename: hd_motor.lst

               ROM used: 81 words (4%)
                         Largest free fragment is 1967
               RAM used: 16 (7%) at main() level
                         16 (7%) worst case
               Stack:    1 locations

*
0000:  MOVLW  00
0001:  MOVWF  0A
0002:  GOTO   019
0003:  NOP
.................... #include <16F628A.h> 
.................... //////// Standard Header file for the PIC16F628A device //////////////// 
.................... #device PIC16F628A 
.................... #list 
....................  
.................... #use delay(clock=4000000) 
0004:  MOVLW  2A
0005:  MOVWF  04
0006:  BCF    03.7
0007:  MOVF   00,W
0008:  BTFSC  03.2
0009:  GOTO   018
000A:  MOVLW  01
000B:  MOVWF  78
000C:  CLRF   77
000D:  DECFSZ 77,F
000E:  GOTO   00D
000F:  DECFSZ 78,F
0010:  GOTO   00C
0011:  MOVLW  4A
0012:  MOVWF  77
0013:  DECFSZ 77,F
0014:  GOTO   013
0015:  GOTO   016
0016:  DECFSZ 00,F
0017:  GOTO   00A
0018:  GOTO   041 (RETURN)
.................... #FUSES HS, NOWDT, NOLVP 
....................  
.................... void main(){ 
0019:  CLRF   04
001A:  BCF    03.7
001B:  MOVLW  1F
001C:  ANDWF  03,F
001D:  MOVLW  07
001E:  MOVWF  1F
....................    int x, i = 0, tempo = 100; 
001F:  CLRF   22
0020:  MOVLW  64
0021:  MOVWF  23
....................    byte mat[] = { 
....................          0b00101001, 
....................          0b00011001, 
....................          0b00011010,   
....................          0b00110010, 
....................          0b00110100, 
....................          0b00101100 
....................  
....................         /* 0b00101001, 
....................          0b00011010,          
....................          0b00110100*/ 
....................    }; 
0022:  MOVLW  29
0023:  MOVWF  24
0024:  MOVLW  19
0025:  MOVWF  25
0026:  MOVLW  1A
0027:  MOVWF  26
0028:  MOVLW  32
0029:  MOVWF  27
002A:  MOVLW  34
002B:  MOVWF  28
002C:  MOVLW  2C
002D:  MOVWF  29
....................    /*byte mat[] = { 
....................          0b00001110, 
....................          0b00000111, 
....................          0b00100011,   
....................          0b00101001, 
....................          0b00011001, 
....................          0b00011010          
....................    };*/ 
....................    while(true){ 
....................       for (x = 0; x < 6; x++){ 
002E:  CLRF   21
002F:  MOVF   21,W
0030:  SUBLW  05
0031:  BTFSS  03.0
0032:  GOTO   043
....................          output_b(mat[x]); 
0033:  MOVLW  24
0034:  ADDWF  21,W
0035:  MOVWF  04
0036:  BCF    03.7
0037:  MOVF   00,W
0038:  MOVWF  2A
0039:  BSF    03.5
003A:  CLRF   06
003B:  BCF    03.5
003C:  MOVF   2A,W
003D:  MOVWF  06
....................          delay_ms(tempo); 
003E:  MOVF   23,W
003F:  MOVWF  2A
0040:  GOTO   004
....................       } 
0041:  INCF   21,F
0042:  GOTO   02F
....................       i++; 
0043:  INCF   22,F
....................       if(i > 4){ 
0044:  MOVF   22,W
0045:  SUBLW  04
0046:  BTFSC  03.0
0047:  GOTO   04F
....................          i = 0; 
0048:  CLRF   22
....................          if(tempo > 6) 
0049:  MOVF   23,W
004A:  SUBLW  06
004B:  BTFSC  03.0
004C:  GOTO   04F
....................             tempo = tempo - 4; 
004D:  MOVLW  04
004E:  SUBWF  23,F
....................           
....................       } 
....................    } 
004F:  GOTO   02E
.................... } 
0050:  SLEEP

Configuration Fuses:
   Word  1: 3F62   HS NOWDT PUT NOPROTECT BROWNOUT MCLR NOLVP NOCPD
