CCS PCM C Compiler, Version 4.114, 93460303               09-mai-12 10:03

               Filename: H:\Users\Marlon\SkyDrive\Eletronica\PROJETOS PIC CCS\Projetos_Basicos\Pisca Led\programa.lst

               ROM used: 55 words (1%)
                         Largest free fragment is 2048
               RAM used: 6 (2%) at main() level
                         7 (2%) worst case
               Stack:    1 locations

*
0000:  MOVLW  00
0001:  MOVWF  0A
0002:  GOTO   019
0003:  NOP
.................... // primeiro exemplo 
....................  
.................... #include <16F877a.h> 
.................... //////// Standard Header file for the PIC16F877A device //////////////// 
.................... #device PIC16F877A 
.................... #list 
....................  
.................... #use delay(clock=4000000) 
0004:  MOVLW  22
0005:  MOVWF  04
0006:  BCF    03.7
0007:  MOVF   00,W
0008:  BTFSC  03.2
0009:  GOTO   018
000A:  MOVLW  01
000B:  MOVWF  78
000C:  CLRF   77
000D:  DECFSZ 77,F
000E:  GOTO   00D
000F:  DECFSZ 78,F
0010:  GOTO   00C
0011:  MOVLW  4A
0012:  MOVWF  77
0013:  DECFSZ 77,F
0014:  GOTO   013
0015:  GOTO   016
0016:  DECFSZ 00,F
0017:  GOTO   00A
0018:  RETURN
....................  
.................... //#use rs232(baud=19200, xmit=PIN_B2, rcv=PIN_B1) 
.................... #FUSES NOWDT, PUT, XT                    
....................  
.................... void main() 
.................... { 
0019:  CLRF   04
001A:  BCF    03.7
001B:  MOVLW  1F
001C:  ANDWF  03,F
001D:  BSF    03.5
001E:  BSF    1F.0
001F:  BSF    1F.1
0020:  BSF    1F.2
0021:  BCF    1F.3
0022:  MOVLW  07
0023:  MOVWF  1C
....................    int tempo; 
....................    tempo = 500; 
0024:  MOVLW  F4
0025:  BCF    03.5
0026:  MOVWF  21
....................    while (true){ 
....................       output_high(pin_D2); 
0027:  BSF    03.5
0028:  BCF    08.2
0029:  BCF    03.5
002A:  BSF    08.2
....................       delay_ms(tempo); 
002B:  MOVF   21,W
002C:  MOVWF  22
002D:  CALL   004
....................       output_low(pin_D2); 
002E:  BSF    03.5
002F:  BCF    08.2
0030:  BCF    03.5
0031:  BCF    08.2
....................       delay_ms(tempo); 
0032:  MOVF   21,W
0033:  MOVWF  22
0034:  CALL   004
....................    } 
0035:  GOTO   027
.................... } 
0036:  SLEEP

Configuration Fuses:
   Word  1: 3F71   XT NOWDT PUT BROWNOUT NOLVP NOCPD NOWRT NODEBUG NOPROTECT
