
ROM used: 54 (5%)
          54 (5%) including unused fragments

          0 Average locations per line
          5 Average locations per statement

RAM used: 6 (9%) at main() level
          7 (10%) worst case

Stack used: 1 worst case (out of 8 total available)

Lines Stmts  %   Files
----- ----- ---  -----
   29    11 100  main.c
  116     0   0  C:\Arquivos de programas\PICC\devices\16F84A.h
----- -----
  145    11 Total

Page ROM  %  RAM   Vol Diff  Functions:
---- --- --- ---   --- ----  ----------
0     17  31   1             @delay_us1
0     33  61   1   207  3.6  main

Program metrics:
    Functions               1
    Statements              11
    Comments                39
    Volume (V)              209
    Difficilty (D)          3.4
    Effort to implement (E) 716
    Time to implement (T)   1 minutes
    Est Delivered Bugs (B)  0
    Cyclomatic Complexity   1
    Maintainability (MI)    92

 Segment     Used  Free
-----------  ----  ----
00000-00003     4  0  
00004-003FF    50  970  



