
ROM used: 2355 (57%)
          2566 (63%) including unused fragments

          3 Average locations per line
          13 Average locations per statement

RAM used: 38 (15%) at main() level
          81 (32%) worst case

Stack used: 6 worst case (out of 8 total available)

Lines Stmts  %   Files
----- ----- ---  -----
   78    51  29  main.c
  276     0   0  C:\Arquivos de programas\PICC\devices\16F688.h
  364   125  71  driver3310.c
----- -----
  718   176 Total

Page ROM  %  RAM   Vol Diff  Functions:
---- --- --- ---   --- ----  ----------
0     21   1   1             @delay_ms1
0    247  10   0             @const65
0    247  10   0             @const67
0     58   2   0   243  1.4  nokia_init
 Inline        0   114  3.4  nokia_clean_ddram
0      8   0   1    42  1.1  nokia_write_command
0      8   0   1    42  1.1  nokia_write_data
0     31   1   3   274  5.8  nokia_write_dorc
0     13   1   3   106  2.8  nokia_gotoxy
0      8   0   0             @const103
0     64   3   3             @PSTRINGC7_83
0     60   3   1    37  1.7  nokia_printchar
 Inline        2   547  7.6  table_to_nokialcd
0     37   2   2             @MUL88
0      1   0   0             @const113
0    549  23   4   516  5.6  isr
 Inline        5             @DIV1616
 Inline        2             @ITOF
0    117   5  13             @MULFF
 Inline       16             @ADDFF
0      4   0   0    21  0.9  isr_ra
1    274  12   0  1056  3.4  MAIN
0      8   0   0             @const137
0      8   0   0             @const138
0      6   0   0             @const139
0     21   1   3             @DIV88
0    101   4   6             @PRINTF_D_83
0      8   0   0             @const147
0      5   0   0             @const148
0     73   3   4             @PSTRINGCN7_83
 Inline        5             @FTOSD
0     79   3  13             @DIV3232
1    244  10  13             @PRINTF_L32D_83FPFPF

Program metrics:
    Functions               11
    Statements              176
    Comments                231
    Volume (V)              4626
    Difficilty (D)          32.7
    Effort to implement (E) 151326
    Time to implement (T)   2 hours, 20 minutes
    Est Delivered Bugs (B)  1
    Cyclomatic Complexity   13
    Maintainability (MI)    131

 Segment     Used  Free
-----------  ----  ----
00000-00003     4  0  
00004-00036    51  0  
00037-007FF  1782  211  
00800-00FFF   518  1530  



