
ROM used: 1995 (49%)
          1995 (49%) including unused fragments

          1 Average locations per line
          5 Average locations per statement

RAM used: 18 (7%) at main() level
          54 (21%) worst case

Stack used: 6 worst case (out of 8 total available)

Lines Stmts  %   Files
----- ----- ---  -----
   26    14   4  main.c
  276     0   0  C:\Program Files (x86)\PICC\devices\16F688.h
  966   355  96  PCF8833.c
  104     0   0  FONT.c
----- -----
 1372   369 Total

Page ROM  %  RAM   Vol Diff  Functions:
---- --- --- ---   --- ----  ----------
0     21   1   1             @delay_ms1
0    244  12   0             @const145
0    260  13   0             @const147
0    201  10   2  2448  2.0  glcd_init
0     58   3   1   362  1.9  glcd_write_command
0     58   3   1   362  1.9  glcd_write_data
0    249  12   1  1578  2.5  glcd_write_dorc
0     32   2   5   239  4.1  glcd_cls
0     19   1   4   167  2.1  glcd_setarea
 Inline        1   143  1.8  glcd_contrast
0     16   1   3   119  2.0  glcd_pixel
0    182   9  17  1475  8.8  glcd_line
0    247  12  12  1825  8.6  glcd_circle
0     37   2   2             @MUL88
0    263  13  18  2118 12.9  glcd_text57
0    104   5   8   460  3.3  MAIN

Program metrics:
    Functions               12
    Statements              369
    Comments                564
    Volume (V)              16621
    Difficilty (D)          51.2
    Effort to implement (E) 851779
    Time to implement (T)   13 hours, 9 minutes
    Est Delivered Bugs (B)  3
    Cyclomatic Complexity   25
    Maintainability (MI)    31

 Segment     Used  Free
-----------  ----  ----
00000-00003     4  0  
00004-007FF  1991  53  
00800-00FFF     0  2048  



